16:44:10.882 INFO [GridLauncherV3.launch] - Selenium build info: version: '3.14.0', revision: 'aacccce0'
16:44:10.883 INFO [GridLauncherV3$1.launch] - Launching a standalone Selenium Server on port 4444
2018-10-02 16:44:11.016:INFO::main: Logging initialized @520ms to org.seleniumhq.jetty9.util.log.StdErrLog
16:44:11.247 INFO [SeleniumServer.boot] - Selenium Server is up and running on port 4444
16:44:11.784 INFO [ActiveSessionFactory.apply] - Capabilities are: {
  "acceptSslCerts": true,
  "browserName": "chrome",
  "javascriptEnabled": true,
  "name": "Test"
}
16:44:11.785 INFO [ActiveSessionFactory.lambda$apply$11] - Matched factory org.openqa.selenium.remote.server.ServicedSession$Factory (provider: org.openqa.selenium.chrome.ChromeDriverService)
Starting ChromeDriver 2.42.591071 (0b695ff80972cc1a65a5cd643186d2ae582cd4ac) on port 23576
Only local connections are allowed.
16:44:13.127 INFO [ProtocolHandshake.createSession] - Detected dialect: OSS
16:44:13.529 INFO [RemoteSession$Factory.lambda$performHandshake$0] - Started new session f6fbd68ace45c1e4b2d0f73927ae6865 (org.openqa.selenium.chrome.ChromeDriverService)
16:44:14.336 INFO [ActiveSessions$1.onStop] - Removing session f6fbd68ace45c1e4b2d0f73927ae6865 (org.openqa.selenium.chrome.ChromeDriverService)
16:44:14.354 INFO [ActiveSessionFactory.apply] - Capabilities are: {
  "acceptSslCerts": true,
  "browserName": "chrome",
  "javascriptEnabled": true,
  "name": "Test"
}
16:44:14.357 INFO [ActiveSessionFactory.lambda$apply$11] - Matched factory org.openqa.selenium.remote.server.ServicedSession$Factory (provider: org.openqa.selenium.chrome.ChromeDriverService)
Starting ChromeDriver 2.42.591071 (0b695ff80972cc1a65a5cd643186d2ae582cd4ac) on port 1563
Only local connections are allowed.
16:44:15.147 INFO [ProtocolHandshake.createSession] - Detected dialect: OSS
16:44:15.289 INFO [RemoteSession$Factory.lambda$performHandshake$0] - Started new session af0049da24bcb033aa702a77015c4099 (org.openqa.selenium.chrome.ChromeDriverService)
16:44:16.328 INFO [ActiveSessions$1.onStop] - Removing session af0049da24bcb033aa702a77015c4099 (org.openqa.selenium.chrome.ChromeDriverService)
